This is pdfTeX, Version 3.14159265-2.6-1.40.15 (TeX Live 2014/W32TeX) (preloaded format=pdflatex 2014.9.15)  15 SEP 2014 17:06
entering extended mode
 restricted \write18 enabled.
 %&-line parsing enabled.
**foreground_delay_spectrum_modeling.tex
(./foreground_delay_spectrum_modeling.tex
LaTeX2e <2014/05/01>
Babel <3.9k> and hyphenation patterns for 2 languages loaded.
(./emulateapj.cls
Document Class: emulateapj 
\bibbaselineskip=\skip41
(c:/texlive/2014/texmf-dist/tex/latex/revtex/revtex4-1.cls
Document Class: revtex4-1 2010/07/25/20:33:00 4.1r (http://publish.aps.org/revt
ex4/ for documentation)
 Copyright (c) 2009 The American Physical Society.
 mailto:revtex@aps.org
 Licensed under the LPPL:
http://www.ctan.org/tex-archive/macros/latex/base/lppl.txt
 Arthur Ogawa <arthur_ogawa at sbcglobal dot net>
 Based on work by David Carlisle <david at dcarlisle.demon.co.uk>.
ltxutil[2010/07/25/20:33:00 4.1r utilities package (portions licensed from W. E
. Baxter web at superscript.com)]
LaTeX Info: Redefining \@centercr on input line 308.
Class revtex4-1 Info: Repairing broken LaTeX eqnarray on input line 358.
\eqncolsep=\skip42
Class revtex4-1 Info: Repairing hyperref-unfriendly LaTeX definition of \mpfoot
note on input line 433.
Class revtex4-1 Info: Repairing broken LateX \@sect on input line 755.
\intertabularlinepenalty=\count79
\@tbpen=\count80
\@arstrutbox@hline=\box26
Class revtex4-1 Info: Repairing broken LaTeX \@xbitor on input line 1786.
Class revtex4-1 Info: Making \typeout \long on input line 2046.
ltxfront[2010/07/25/20:33:00 4.1r frontmatter package (AO,DPC)]
\c@affil=\count81
\c@collab=\count82
\absbox=\box27
ltxgrid[2010/07/25/20:33:00 4.1r page grid package (portions licensed from W. E
. Baxter web at superscript.com)]
\c@linecount=\count83
\output@latex=\toks14
\box@size@1=\box28
\box@size@2=\box29
\@protection@box=\box30
\@topmark@saved=\toks15
\footins@saved=\box31
\footins@recovered=\box32
\column@recovered=\box33
\pagesofar=\box34
\footsofar=\box35
\pagegrid@col=\count84
Class revtex4-1 Info: Overriding \@vspace, \@vspacer, \@no@pgbk, \@newline, and
 \\  on input line 5578.
\c@part=\count85
\c@section=\count86
\c@subsection=\count87
\c@subsubsection=\count88
\c@paragraph=\count89
\c@subparagraph=\count90
\abovecaptionskip=\skip43
\belowcaptionskip=\skip44
\c@figure=\count91
\fbox@1=\box36
\c@table=\count92
\fbox@2=\box37
\c@video=\count93
\fbox@4=\box38
\@bibdataout=\write3
\widetext@top=\box39
\widetext@bot=\box40

Class revtex4-1 Warning: No Society specified, using default society aps.

(c:/texlive/2014/texmf-dist/tex/latex/revtex/aps4-1.rtx
File: aps4-1 2010/07/25/20:33:00 4.1r (http://publish.aps.org/revtex4/ for docu
mentation)
Class revtex4-1 Info: RevTeX society APS selected on input line 31.
)

Class revtex4-1 Warning: No journal specified, using default pra.

Class revtex4-1 Info: APS journal PRA selected on input line 7545.

Class revtex4-1 Warning: No type size specified, using default 10.

(c:/texlive/2014/texmf-dist/tex/latex/revtex/aps10pt4-1.rtx
File: aps10pt4-1 2010/07/25/20:33:00 4.1r (http://publish.aps.org/revtex4/ for 
documentation)
Class revtex4-1 Info: RevTeX pointsize 10pt selected on input line 30.
)
(c:/texlive/2014/texmf-dist/tex/latex/textcase/textcase.sty
Package: textcase 2004/10/07 v0.07 Text only upper/lower case changing (DPC)
)
(c:/texlive/2014/texmf-dist/tex/latex/url/url.sty
\Urlmuskip=\muskip10
Package: url 2013/09/16  ver 3.4  Verb mode for urls, etc.
)
(c:/texlive/2014/texmf-dist/tex/latex/natbib/natbib.sty
Package: natbib 2010/09/13 8.31b (PWD, AO)
\bibhang=\skip45
\bibsep=\skip46
LaTeX Info: Redefining \cite on input line 694.
\c@NAT@ctr=\count94
)
Class revtex4-1 Info: Repairing natbib's \BibitemShut on input line 7549.

(c:/texlive/2014/texmf-dist/tex/latex/revtex/revsymb4-1.sty
Package: revsymb4-1 2010/07/25/20:33:00 4.1r (http://publish.aps.org/revtex4/ f
or documentation)
LaTeX Info: Redefining \REV@mathfrak on input line 119.
))
(c:/texlive/2014/texmf-dist/tex/latex/base/latexsym.sty
Package: latexsym 1998/08/17 v2.2e Standard LaTeX package (lasy symbols)
\symlasy=\mathgroup4
LaTeX Font Info:    Overwriting symbol font `lasy' in version `bold'
(Font)                  U/lasy/m/n --> U/lasy/b/n on input line 47.
)
(c:/texlive/2014/texmf-dist/tex/latex/graphics/graphicx.sty
Package: graphicx 2014/04/25 v1.0g Enhanced LaTeX Graphics (DPC,SPQR)

(c:/texlive/2014/texmf-dist/tex/latex/graphics/keyval.sty
Package: keyval 2014/05/08 v1.15 key=value parser (DPC)
\KV@toks@=\toks16
)
(c:/texlive/2014/texmf-dist/tex/latex/graphics/graphics.sty
Package: graphics 2009/02/05 v1.0o Standard LaTeX Graphics (DPC,SPQR)

(c:/texlive/2014/texmf-dist/tex/latex/graphics/trig.sty
Package: trig 1999/03/16 v1.09 sin cos tan (DPC)
)
(c:/texlive/2014/texmf-dist/tex/latex/latexconfig/graphics.cfg
File: graphics.cfg 2010/04/23 v1.9 graphics configuration of TeX Live
)
Package graphics Info: Driver file: pdftex.def on input line 91.

(c:/texlive/2014/texmf-dist/tex/latex/pdftex-def/pdftex.def
File: pdftex.def 2011/05/27 v0.06d Graphics/color for pdfTeX

(c:/texlive/2014/texmf-dist/tex/generic/oberdiek/infwarerr.sty
Package: infwarerr 2010/04/08 v1.3 Providing info/warning/error messages (HO)
)
(c:/texlive/2014/texmf-dist/tex/generic/oberdiek/ltxcmds.sty
Package: ltxcmds 2011/11/09 v1.22 LaTeX kernel commands for general use (HO)
)
\Gread@gobject=\count95
))
\Gin@req@height=\dimen102
\Gin@req@width=\dimen103
)
(c:/texlive/2014/texmf-dist/tex/latex/amsfonts/amssymb.sty
Package: amssymb 2013/01/14 v3.01 AMS font symbols

(c:/texlive/2014/texmf-dist/tex/latex/amsfonts/amsfonts.sty
Package: amsfonts 2013/01/14 v3.01 Basic AMSFonts support
\@emptytoks=\toks17
\symAMSa=\mathgroup5
\symAMSb=\mathgroup6
LaTeX Font Info:    Overwriting math alphabet `\mathfrak' in version `bold'
(Font)                  U/euf/m/n --> U/euf/b/n on input line 106.
LaTeX Info: Redefining \frak on input line 111.
LaTeX Info: Redefining \Bbb on input line 113.
))
(c:/texlive/2014/texmf-dist/tex/latex/tools/longtable.sty
Package: longtable 2004/02/01 v4.11 Multi-page Table package (DPC)
\LTleft=\skip47
\LTright=\skip48
\LTpre=\skip49
\LTpost=\skip50
\LTchunksize=\count96
\LTcapwidth=\dimen104
\LT@head=\box41
\LT@firsthead=\box42
\LT@foot=\box43
\LT@lastfoot=\box44
\LT@cols=\count97
\LT@rows=\count98
\c@LT@tables=\count99
\c@LT@chunks=\count100
\LT@p@ftn=\toks18
)
(c:/texlive/2014/texmf-dist/tex/generic/epsf/epsf.sty
This is `epsf.tex' v2.7.4 <14 February 2011>
\epsffilein=\read1
\epsfframemargin=\dimen105
\epsfframethickness=\dimen106
\epsfrsize=\dimen107
\epsftmp=\dimen108
\epsftsize=\dimen109
\epsfxsize=\dimen110
\epsfysize=\dimen111
\pspoints=\dimen112
)
\c@front@matter@foot@note=\count101
\alt@affil@toks=\toks19
\alt@affil@toks@count=\toks20
\keys@width=\skip51
\c@lastfootnote=\count102
\c@remember@figure@num=\count103
\c@remember@table@num=\count104
\bibindent=\dimen113
\plot@width=\skip52
\c@table@save=\count105
\table@note@skip=\skip53
\deluxe@table@width=\skip54
\@d@t@a=\skip55
\c@deluxe@table@num=\count106
\abovedeluxetableskip=\skip56
\belowdeluxetableskip=\skip57
\lastrowheight=\dimen114
\DT@p@ftn=\toks21
\pt@column=\count107
\pt@ncol=\count108
) (c:/texlive/2014/texmf-dist/tex/latex/subfig/subfig.sty
Package: subfig 2005/06/28 ver: 1.3 subfig package

(c:/texlive/2014/texmf-dist/tex/latex/caption/caption3.sty
Package: caption3 2013/05/02 v1.6-88 caption3 kernel (AR)
Package caption3 Info: TeX engine: e-TeX on input line 57.
\captionmargin=\dimen115
\captionmargin@=\dimen116
\captionwidth=\dimen117
\caption@tempdima=\dimen118
\caption@indent=\dimen119
\caption@parindent=\dimen120
\caption@hangindent=\dimen121
Package caption Info: Unknown document class (or package),
(caption)             standard defaults will be used.
)
\c@KVtest=\count109
\sf@farskip=\skip58
\sf@captopadj=\dimen122
\sf@capskip=\skip59
\sf@nearskip=\skip60
\c@subfigure=\count110
\c@subfigure@save=\count111
\c@lofdepth=\count112
\c@subtable=\count113
\c@subtable@save=\count114
\c@lotdepth=\count115
\sf@top=\skip61
\sf@bottom=\skip62
)
(c:/texlive/2014/texmf-dist/tex/latex/amsmath/amsmath.sty
Package: amsmath 2013/01/14 v2.14 AMS math features
\@mathmargin=\skip63

For additional information on amsmath, use the `?' option.
(c:/texlive/2014/texmf-dist/tex/latex/amsmath/amstext.sty
Package: amstext 2000/06/29 v2.01

(c:/texlive/2014/texmf-dist/tex/latex/amsmath/amsgen.sty
File: amsgen.sty 1999/11/30 v2.0
\@emptytoks=\toks22
\ex@=\dimen123
)
LaTeX Info: Redefining \text on input line 39.
)
(c:/texlive/2014/texmf-dist/tex/latex/amsmath/amsbsy.sty
Package: amsbsy 1999/11/29 v1.2d
\pmbraise@=\dimen124
)
(c:/texlive/2014/texmf-dist/tex/latex/amsmath/amsopn.sty
Package: amsopn 1999/12/14 v2.01 operator names
)
\inf@bad=\count116
LaTeX Info: Redefining \frac on input line 210.
\uproot@=\count117
\leftroot@=\count118
LaTeX Info: Redefining \overline on input line 306.
\classnum@=\count119
\DOTSCASE@=\count120
LaTeX Info: Redefining \ldots on input line 378.
LaTeX Info: Redefining \dots on input line 381.
LaTeX Info: Redefining \cdots on input line 466.
\Mathstrutbox@=\box45
\strutbox@=\box46
\big@size=\dimen125
LaTeX Font Info:    Redeclaring font encoding OML on input line 566.
LaTeX Font Info:    Redeclaring font encoding OMS on input line 567.
\macc@depth=\count121
\c@MaxMatrixCols=\count122
\dotsspace@=\muskip11
\c@parentequation=\count123
\dspbrk@lvl=\count124
\tag@help=\toks23
\row@=\count125
\column@=\count126
\maxfields@=\count127
\andhelp@=\toks24
\eqnshift@=\dimen126
\alignsep@=\dimen127
\tagshift@=\dimen128
\tagwidth@=\dimen129
\totwidth@=\dimen130
\lineht@=\dimen131
\@envbody=\toks25
\multlinegap=\skip64
\multlinetaggap=\skip65
\mathdisplay@stack=\toks26
LaTeX Info: Redefining \[ on input line 2665.
LaTeX Info: Redefining \] on input line 2666.
)
(c:/texlive/2014/texmf-dist/tex/latex/mdwtools/footnote.sty
Package: footnote 1997/01/28 1.13 Save footnotes around boxes
\fn@notes=\box47
\fn@width=\dimen132
)
Class revtex4-1 Info: Patching LaTeX tabular. on input line 90.
Class revtex4-1 Info: Patching longtable package on input line 90.
Class revtex4-1 Info: Robustifying \LaTeX's \boldmath command on input line 90.

Class revtex4-1 Info: cite was not loaded (OK!) on input line 90.
Class revtex4-1 Info: mcite was not loaded (OK!) on input line 90.
Class revtex4-1 Info: multicol was not loaded (OK!) on input line 90.


LaTeX Warning: Unused global option(s):
    [preprint2].

(./foreground_delay_spectrum_modeling.aux)
\openout1 = `foreground_delay_spectrum_modeling.aux'.

LaTeX Font Info:    Checking defaults for OML/cmm/m/it on input line 90.
LaTeX Font Info:    ... okay on input line 90.
LaTeX Font Info:    Checking defaults for T1/cmr/m/n on input line 90.
LaTeX Font Info:    ... okay on input line 90.
LaTeX Font Info:    Checking defaults for OT1/cmr/m/n on input line 90.
LaTeX Font Info:    ... okay on input line 90.
LaTeX Font Info:    Checking defaults for OMS/cmsy/m/n on input line 90.
LaTeX Font Info:    ... okay on input line 90.
LaTeX Font Info:    Checking defaults for OMX/cmex/m/n on input line 90.
LaTeX Font Info:    ... okay on input line 90.
LaTeX Font Info:    Checking defaults for U/cmr/m/n on input line 90.
LaTeX Font Info:    ... okay on input line 90.

(c:/texlive/2014/texmf-dist/tex/context/base/supp-pdf.mkii
[Loading MPS to PDF converter (version 2006.09.02).]
\scratchcounter=\count128
\scratchdimen=\dimen133
\scratchbox=\box48
\nofMPsegments=\count129
\nofMParguments=\count130
\everyMPshowfont=\toks27
\MPscratchCnt=\count131
\MPscratchDim=\dimen134
\MPnumerator=\count132
\makeMPintoPDFobject=\count133
\everyMPtoPDFconversion=\toks28
) (c:/texlive/2014/texmf-dist/tex/generic/oberdiek/pdftexcmds.sty
Package: pdftexcmds 2011/11/29 v0.20 Utility functions of pdfTeX for LuaTeX (HO
)

(c:/texlive/2014/texmf-dist/tex/generic/oberdiek/ifluatex.sty
Package: ifluatex 2010/03/01 v1.3 Provides the ifluatex switch (HO)
Package ifluatex Info: LuaTeX not detected.
)
(c:/texlive/2014/texmf-dist/tex/generic/oberdiek/ifpdf.sty
Package: ifpdf 2011/01/30 v2.3 Provides the ifpdf switch (HO)
Package ifpdf Info: pdfTeX in PDF mode is detected.
)
Package pdftexcmds Info: LuaTeX not detected.
Package pdftexcmds Info: \pdf@primitive is available.
Package pdftexcmds Info: \pdf@ifprimitive is available.
Package pdftexcmds Info: \pdfdraftmode found.
)
(c:/texlive/2014/texmf-dist/tex/latex/oberdiek/epstopdf-base.sty
Package: epstopdf-base 2010/02/09 v2.5 Base part for package epstopdf

(c:/texlive/2014/texmf-dist/tex/latex/oberdiek/grfext.sty
Package: grfext 2010/08/19 v1.1 Manage graphics extensions (HO)

(c:/texlive/2014/texmf-dist/tex/generic/oberdiek/kvdefinekeys.sty
Package: kvdefinekeys 2011/04/07 v1.3 Define keys (HO)
))
(c:/texlive/2014/texmf-dist/tex/latex/oberdiek/kvoptions.sty
Package: kvoptions 2011/06/30 v3.11 Key value format for package options (HO)

(c:/texlive/2014/texmf-dist/tex/generic/oberdiek/kvsetkeys.sty
Package: kvsetkeys 2012/04/25 v1.16 Key value parser (HO)

(c:/texlive/2014/texmf-dist/tex/generic/oberdiek/etexcmds.sty
Package: etexcmds 2011/02/16 v1.5 Avoid name clashes with e-TeX commands (HO)
Package etexcmds Info: Could not find \expanded.
(etexcmds)             That can mean that you are not using pdfTeX 1.50 or
(etexcmds)             that some package has redefined \expanded.
(etexcmds)             In the latter case, load this package earlier.
)))
Package grfext Info: Graphics extension search list:
(grfext)             [.png,.pdf,.jpg,.mps,.jpeg,.jbig2,.jb2,.PNG,.PDF,.JPG,.JPE
G,.JBIG2,.JB2,.eps]
(grfext)             \AppendGraphicsExtensions on input line 452.

(c:/texlive/2014/texmf-dist/tex/latex/latexconfig/epstopdf-sys.cfg
File: epstopdf-sys.cfg 2010/07/13 v1.3 Configuration of (r)epstopdf for TeX Liv
e
))
Package caption Info: Begin \AtBeginDocument code.
Package caption Info: subfig package v1.3 is loaded.
Package caption Info: End \AtBeginDocument code.
\openout3 = `foreground_delay_spectrum_modelingNotes.bib'.

LaTeX Font Info:    Try loading font information for U+lasy on input line 177.

(c:/texlive/2014/texmf-dist/tex/latex/base/ulasy.fd
File: ulasy.fd 1998/08/17 v2.2e LaTeX symbol font definitions
)
LaTeX Font Info:    Try loading font information for U+msa on input line 177.

(c:/texlive/2014/texmf-dist/tex/latex/amsfonts/umsa.fd
File: umsa.fd 2013/01/14 v3.01 AMS symbols A
)
LaTeX Font Info:    Try loading font information for U+msb on input line 177.

(c:/texlive/2014/texmf-dist/tex/latex/amsfonts/umsb.fd
File: umsb.fd 2013/01/14 v3.01 AMS symbols B
)

Class revtex4-1 Warning: Assuming \noaffiliation for authors.


Underfull \hbox (badness 10000) in paragraph at lines 183--183
  [][]| $[]$| \OT1/cmr/m/n/8 School of Earth and Space Ex-plo-ration, Ari-zona
 []


Underfull \hbox (badness 10000) in paragraph at lines 183--183
 \OT1/cmr/m/n/8 State Uni-ver-sity, Tempe, AZ 85287, USA; e-mail:
 []


Underfull \hbox (badness 1817) in paragraph at lines 183--183
 | $[]$| \OT1/cmr/m/n/8 Kavli In-sti-tute for As-tro-physics and Space Re-searc
h,
 []


Underfull \hbox (badness 10000) in paragraph at lines 183--183
 | $[]$| \OT1/cmr/m/n/8 De-part-ment of Physics, Uni-ver-sity of Wisconsin--
 []

[1{c:/texlive/2014/texmf-var/fonts/map/pdftex/updmap/pdftex.map}]
LaTeX Font Info:    Try loading font information for OMS+cmr on input line 195.


(c:/texlive/2014/texmf-dist/tex/latex/base/omscmr.fd
File: omscmr.fd 1999/05/25 v2.5h Standard LaTeX font definitions
)
LaTeX Font Info:    Font shape `OMS/cmr/m/n' in size <10> not available
(Font)              Font shape `OMS/cmsy/m/n' tried instead on input line 195.

Underfull \hbox (badness 5374) in paragraph at lines 199--200
[]\OT1/cmr/m/n/10 Interferometer ar-ray data known as \OT1/cmr/m/it/10 vis-i-bi
l-i-ties\OT1/cmr/m/n/10 ,
 []

[2] <figures/v1_0/bandpass_properties.pdf, id=26, 505.89pt x 433.62pt>
File: figures/v1_0/bandpass_properties.pdf Graphic file (type pdf)

<use figures/v1_0/bandpass_properties.pdf>
Package pdftex.def Info: figures/v1_0/bandpass_properties.pdf used on input lin
e 235.
(pdftex.def)             Requested size: 245.26653pt x 210.23267pt.
 [3 <./figures/v1_0/bandpass_properties.pdf>] <figures/v1_0/custom_pointings.pd
f, id=35, 433.62pt x 433.62pt>
File: figures/v1_0/custom_pointings.pdf Graphic file (type pdf)

<use figures/v1_0/custom_pointings.pdf>
Package pdftex.def Info: figures/v1_0/custom_pointings.pdf used on input line 2
54.
(pdftex.def)             Requested size: 245.26653pt x 245.26703pt.

<figures/v1_0/multi_baseline_fhd_delay_spectrum_snapshots.pdf, id=36, 433.62pt 
x 433.62pt>
File: figures/v1_0/multi_baseline_fhd_delay_spectrum_snapshots.pdf Graphic file
 (type pdf)
 <use figures/v1_0/multi_baseline_fhd_delay_spectrum_snapshots.pdf>
Package pdftex.def Info: figures/v1_0/multi_baseline_fhd_delay_spectrum_snapsho
ts.pdf used on input line 279.
(pdftex.def)             Requested size: 245.26653pt x 245.26703pt.

[4 <./figures/v1_0/custom_pointings.pdf>]

LaTeX Warning: A float is stuck (cannot be placed) on input line 284.


LaTeX Warning: A float is stuck (cannot be placed) on input line 284.


Class revtex4-1 Warning: Deferred float stuck during \clearpage processing.


LaTeX Warning: File `figures/v1_0/delta_array_powerpattern_0.3m_ground_custom' 
not found on input line 295.


! LaTeX Error: Unknown graphics extension: .3m_ground_custom.

See the LaTeX manual or LaTeX Companion for explanation.
Type  H <return>  for immediate help.
 ...                                              
                                                  
l.295 ...ta_array_powerpattern_0.3m_ground_custom}
                                                  
? 
<figures/v1_0/dsm.pdf, id=45, 433.62pt x 433.62pt>
File: figures/v1_0/dsm.pdf Graphic file (type pdf)
 <use figures/v1_0/dsm.pdf>
Package pdftex.def Info: figures/v1_0/dsm.pdf used on input line 317.
(pdftex.def)             Requested size: 245.26653pt x 245.26703pt.

[5 <./figures/v1_0/multi_baseline_fhd_delay_spectrum_snapshots.pdf>]

LaTeX Warning: A float is stuck (cannot be placed) on input line 321.


LaTeX Warning: A float is stuck (cannot be placed) on input line 321.


Class revtex4-1 Warning: Deferred float stuck during \clearpage processing.

<figures/v1_0/csm.pdf, id=63, 433.62pt x 433.62pt>
File: figures/v1_0/csm.pdf Graphic file (type pdf)
 <use figures/v1_0/csm.pdf>
Package pdftex.def Info: figures/v1_0/csm.pdf used on input line 331.
(pdftex.def)             Requested size: 245.26653pt x 245.26703pt.

<figures/v1_0/multi_baseline_sim_delay_spectrum_snapshots.pdf, id=64, 433.62pt 
x 433.62pt>
File: figures/v1_0/multi_baseline_sim_delay_spectrum_snapshots.pdf Graphic file
 (type pdf)
 <use figures/v1_0/multi_baseline_sim_delay_spectrum_snapshots.pdf>
Package pdftex.def Info: figures/v1_0/multi_baseline_sim_delay_spectrum_snapsho
ts.pdf used on input line 341.
(pdftex.def)             Requested size: 245.26653pt x 245.26703pt.

[6 <./figures/v1_0/dsm.pdf> <./figures/v1_0/csm.pdf>]

LaTeX Warning: A float is stuck (cannot be placed) on input line 348.


LaTeX Warning: A float is stuck (cannot be placed) on input line 348.


Class revtex4-1 Warning: Deferred float stuck during \clearpage processing.


LaTeX Warning: File `figures/v1_0/delta_array_histogram_wedge_sim_data_log_rati
o_0.3m_ground_custom_gaussian_FG_model_asm_all_sky_nside_64_Tsys_90.0K_185.0_MH
z_30.7_MHz_bnw2.0' not found on input line 358.


! LaTeX Error: Unknown graphics extension: .3m_ground_custom_gaussian_FG_model_
asm_all_sky_nside_64_Tsys_90.0K_185.0_MHz_30.7_MHz_bnw2.0.

See the LaTeX manual or LaTeX Companion for explanation.
Type  H <return>  for immediate help.
 ...                                              
                                                  
l.358 ..._64_Tsys_90.0K_185.0_MHz_30.7_MHz_bnw2.0}
                                                  
? 
[7 <./figures/v1_0/multi_baseline_sim_delay_spectrum_snapshots.pdf>]

LaTeX Warning: File `figures/v1_0/delta_array_multi_baseline_CLEAN_noiseless_vi
sibilities_0.3m_ground_custom_gaussian_FG_model_dsm_all_sky_nside_64_Tsys_90.0K
_185.0_MHz_30.7_MHz_bnw2.0' not found on input line 390.


! LaTeX Error: Unknown graphics extension: .3m_ground_custom_gaussian_FG_model_
dsm_all_sky_nside_64_Tsys_90.0K_185.0_MHz_30.7_MHz_bnw2.0.

See the LaTeX manual or LaTeX Companion for explanation.
Type  H <return>  for immediate help.
 ...                                              
                                                  
l.390 ..._64_Tsys_90.0K_185.0_MHz_30.7_MHz_bnw2.0}
                                                  
? 

LaTeX Warning: File `figures/v1_0/delta_array_multi_baseline_CLEAN_noiseless_vi
sibilities_0.3m_ground_custom_gaussian_FG_model_csm_all_sky_nside_64_Tsys_90.0K
_185.0_MHz_30.7_MHz_bnw2.0' not found on input line 414.


! LaTeX Error: Unknown graphics extension: .3m_ground_custom_gaussian_FG_model_
csm_all_sky_nside_64_Tsys_90.0K_185.0_MHz_30.7_MHz_bnw2.0.

See the LaTeX manual or LaTeX Companion for explanation.
Type  H <return>  for immediate help.
 ...                                              
                                                  
l.414 ..._64_Tsys_90.0K_185.0_MHz_30.7_MHz_bnw2.0}
                                                  
? 

LaTeX Warning: Reference `sec:pitchfork' on page 8 undefined on input line 418.


[8]

LaTeX Warning: File `figures/v1_0/delta_array_3_baseline_comparison_visibilitie
s_0.3m_ground_custom_gaussian_FG_model_all_sky_nside_64_Tsys_90.0K_185.0_MHz_30
.7_MHz_bnw2.0' not found on input line 440.


! LaTeX Error: Unknown graphics extension: .3m_ground_custom_gaussian_FG_model_
all_sky_nside_64_Tsys_90.0K_185.0_MHz_30.7_MHz_bnw2.0.

See the LaTeX manual or LaTeX Companion for explanation.
Type  H <return>  for immediate help.
 ...                                              
                                                  
l.440 ..._64_Tsys_90.0K_185.0_MHz_30.7_MHz_bnw2.0}
                                                  
? 

LaTeX Warning: Reference `sec:csm-side-lobe' on page 9 undefined on input line 
452.

[9] [10] (./foreground_delay_spectrum_modeling.bbl) [11]
(./foreground_delay_spectrum_modeling.aux)

LaTeX Warning: There were undefined references.

 ) 
Here is how much of TeX's memory you used:
 5904 strings out of 495025
 81986 string characters out of 6181685
 191760 words of memory out of 5000000
 9008 multiletter control sequences out of 15000+600000
 14415 words of font info for 58 fonts, out of 8000000 for 9000
 14 hyphenation exceptions out of 8191
 39i,10n,38p,2430b,322s stack positions out of 5000i,500n,10000p,200000b,80000s
<c:/texlive/2014/texmf-dist/fonts/type1/public/amsfonts/cm/cmbx10.pfb><c:/tex
live/2014/texmf-dist/fonts/type1/public/amsfonts/cm/cmbx7.pfb><c:/texlive/2014/
texmf-dist/fonts/type1/public/amsfonts/cm/cmbx8.pfb><c:/texlive/2014/texmf-dist
/fonts/type1/public/amsfonts/cm/cmcsc10.pfb><c:/texlive/2014/texmf-dist/fonts/t
ype1/public/amsfonts/cm/cmex10.pfb><c:/texlive/2014/texmf-dist/fonts/type1/publ
ic/amsfonts/cm/cmmi10.pfb><c:/texlive/2014/texmf-dist/fonts/type1/public/amsfon
ts/cm/cmmi6.pfb><c:/texlive/2014/texmf-dist/fonts/type1/public/amsfonts/cm/cmmi
7.pfb><c:/texlive/2014/texmf-dist/fonts/type1/public/amsfonts/cm/cmmi8.pfb><c:/
texlive/2014/texmf-dist/fonts/type1/public/amsfonts/cm/cmr10.pfb><c:/texlive/20
14/texmf-dist/fonts/type1/public/amsfonts/cm/cmr5.pfb><c:/texlive/2014/texmf-di
st/fonts/type1/public/amsfonts/cm/cmr6.pfb><c:/texlive/2014/texmf-dist/fonts/ty
pe1/public/amsfonts/cm/cmr7.pfb><c:/texlive/2014/texmf-dist/fonts/type1/public/
amsfonts/cm/cmr8.pfb><c:/texlive/2014/texmf-dist/fonts/type1/public/amsfonts/cm
/cmr9.pfb><c:/texlive/2014/texmf-dist/fonts/type1/public/amsfonts/cm/cmsy10.pfb
><c:/texlive/2014/texmf-dist/fonts/type1/public/amsfonts/cm/cmsy6.pfb><c:/texli
ve/2014/texmf-dist/fonts/type1/public/amsfonts/cm/cmsy7.pfb><c:/texlive/2014/te
xmf-dist/fonts/type1/public/amsfonts/cm/cmsy8.pfb><c:/texlive/2014/texmf-dist/f
onts/type1/public/amsfonts/cm/cmti10.pfb><c:/texlive/2014/texmf-dist/fonts/type
1/public/amsfonts/cm/cmti8.pfb><c:/texlive/2014/texmf-dist/fonts/type1/public/a
msfonts/cm/cmti9.pfb><c:/texlive/2014/texmf-dist/fonts/type1/public/amsfonts/sy
mbols/msam10.pfb>
Output written on foreground_delay_spectrum_modeling.pdf (11 pages, 724546 byte
s).
PDF statistics:
 189 PDF objects out of 1000 (max. 8388607)
 123 compressed objects within 2 object streams
 0 named destinations out of 1000 (max. 500000)
 31 words of extra memory for PDF output out of 10000 (max. 10000000)

